<?xml version="1.0" encoding="UTF-8"?>
<!-- Generated by org.testng.reporters.JUnitXMLReporter -->
<testsuite ignored="0" hostname="TMZ-DPC-2236" failures="0" tests="2" name="Firefox" time="0.01" errors="0" timestamp="2023-10-25T18:17:22 IST">
  <testcase classname="com.testng.orangehrmwithtestng" name="InvalidCredentials" time="0.0">
    <skipped/>
  </testcase> <!-- InvalidCredentials -->
  <testcase classname="com.testng.orangehrmwithtestng" name="validCredentials" time="0.0">
    <skipped/>
  </testcase> <!-- validCredentials -->
</testsuite> <!-- Firefox -->
