<?xml version="1.0" encoding="UTF-8"?>
<testng-results ignored="0" total="1" passed="1" failed="0" skipped="0">
  <reporter-output>
  </reporter-output>
  <suite started-at="2023-10-24T18:10:52 IST" name="Suite" finished-at="2023-10-24T18:11:22 IST" duration-ms="29516">
    <groups>
    </groups>
    <test started-at="2023-10-24T18:10:52 IST" name="Test" finished-at="2023-10-24T18:11:22 IST" duration-ms="29516">
      <class name="com.testng.Demo1">
        <test-method is-config="true" signature="beforeTest()[pri:0, instance:com.testng.Demo1@46cdf8bd]" started-at="2023-10-24T18:10:52 IST" name="beforeTest" finished-at="2023-10-24T18:11:15 IST" duration-ms="23102" status="PASS">
          <reporter-output>
          </reporter-output>
        </test-method> <!-- beforeTest -->
        <test-method signature="validation()[pri:0, instance:com.testng.Demo1@46cdf8bd]" started-at="2023-10-24T18:11:16 IST" name="validation" finished-at="2023-10-24T18:11:21 IST" duration-ms="5211" status="PASS">
          <reporter-output>
          </reporter-output>
        </test-method> <!-- validation -->
        <test-method is-config="true" signature="afterTest()[pri:0, instance:com.testng.Demo1@46cdf8bd]" started-at="2023-10-24T18:11:21 IST" name="afterTest" finished-at="2023-10-24T18:11:22 IST" duration-ms="428" status="PASS">
          <reporter-output>
          </reporter-output>
        </test-method> <!-- afterTest -->
      </class> <!-- com.testng.Demo1 -->
    </test> <!-- Test -->
  </suite> <!-- Suite -->
</testng-results>
