<?xml version="1.0" encoding="UTF-8"?>
<!-- Generated by org.testng.reporters.JUnitXMLReporter -->
<testsuite ignored="2" hostname="TMZ-DPC-2236" failures="0" tests="1" name="Default test" time="0.056" errors="0" timestamp="2023-10-25T10:46:26 IST">
  <testcase classname="CreateTestng.CreateTestng.Test1" name="we5" time="0.008"/>
  <testcase classname="CreateTestng.CreateTestng.Test1" name="we2" time="0.0">
    <ignored/>
  </testcase> <!-- we2 -->
  <testcase classname="CreateTestng.CreateTestng.Test1" name="we" time="0.0">
    <ignored/>
  </testcase> <!-- we -->
</testsuite> <!-- Default test -->
