<?xml version="1.0" encoding="UTF-8"?>
<testng-results ignored="0" total="1" passed="1" failed="0" skipped="0">
  <reporter-output>
  </reporter-output>
  <suite started-at="2023-10-25T10:46:26 IST" name="Default suite" finished-at="2023-10-25T10:46:26 IST" duration-ms="56">
    <groups>
    </groups>
    <test started-at="2023-10-25T10:46:26 IST" name="Default test" finished-at="2023-10-25T10:46:26 IST" duration-ms="56">
      <class name="CreateTestng.CreateTestng.Test1">
        <test-method signature="we5()[pri:3, instance:CreateTestng.CreateTestng.Test1@272113c4]" started-at="2023-10-25T10:46:26 IST" name="we5" finished-at="2023-10-25T10:46:26 IST" duration-ms="8" status="PASS">
          <reporter-output>
          </reporter-output>
        </test-method> <!-- we5 -->
      </class> <!-- CreateTestng.CreateTestng.Test1 -->
    </test> <!-- Default test -->
  </suite> <!-- Default suite -->
</testng-results>
