<?xml version="1.0" encoding="UTF-8"?>
<testng-results ignored="0" total="3" passed="3" failed="0" skipped="0">
  <reporter-output>
  </reporter-output>
  <suite started-at="2023-11-02T13:29:24 IST" name="Default suite" finished-at="2023-11-02T13:29:46 IST" duration-ms="22140">
    <groups>
      <group name="cucumber">
        <method signature="AbstractTestNGCucumberTests.runScenario(io.cucumber.testng.PickleWrapper,io.cucumber.testng.FeatureWrapper)[pri:0, instance:runner.runner2@663c9e7a]" name="runScenario" class="io.cucumber.testng.AbstractTestNGCucumberTests"/>
      </group> <!-- cucumber -->
    </groups>
    <test started-at="2023-11-02T13:29:24 IST" name="Default test" finished-at="2023-11-02T13:29:46 IST" duration-ms="22140">
      <class name="runner.runner2">
        <test-method is-config="true" signature="setUpClass(org.testng.ITestContext)[pri:0, instance:runner.runner2@663c9e7a]" started-at="2023-11-02T13:29:24 IST" name="setUpClass" finished-at="2023-11-02T13:29:24 IST" duration-ms="215" status="PASS">
          <params>
            <param index="0">
              <value>
                <![CDATA[org.testng.TestRunner@56913163]]>
              </value>
            </param>
          </params>
          <reporter-output>
          </reporter-output>
        </test-method> <!-- setUpClass -->
        <test-method signature="runScenario(io.cucumber.testng.PickleWrapper,io.cucumber.testng.FeatureWrapper)[pri:0, instance:runner.runner2@663c9e7a]" started-at="2023-11-02T13:29:24 IST" name="runScenario" description="Runs Cucumber Scenarios" data-provider="scenarios" finished-at="2023-11-02T13:29:33 IST" duration-ms="8496" status="PASS">
          <params>
            <param index="0">
              <value>
                <![CDATA["Verification of Login using valid credentials"]]>
              </value>
            </param>
            <param index="1">
              <value>
                <![CDATA["Login Functionality of HRM Web Application"]]>
              </value>
            </param>
          </params>
          <reporter-output>
          </reporter-output>
        </test-method> <!-- runScenario -->
        <test-method signature="runScenario(io.cucumber.testng.PickleWrapper,io.cucumber.testng.FeatureWrapper)[pri:0, instance:runner.runner2@663c9e7a]" started-at="2023-11-02T13:29:33 IST" name="runScenario" description="Runs Cucumber Scenarios" data-provider="scenarios" finished-at="2023-11-02T13:29:40 IST" duration-ms="7259" status="PASS">
          <params>
            <param index="0">
              <value>
                <![CDATA["Login using invalid credentials"]]>
              </value>
            </param>
            <param index="1">
              <value>
                <![CDATA["Login Functionality of HRM Web Application"]]>
              </value>
            </param>
          </params>
          <reporter-output>
          </reporter-output>
        </test-method> <!-- runScenario -->
        <test-method signature="runScenario(io.cucumber.testng.PickleWrapper,io.cucumber.testng.FeatureWrapper)[pri:0, instance:runner.runner2@663c9e7a]" started-at="2023-11-02T13:29:40 IST" name="runScenario" description="Runs Cucumber Scenarios" data-provider="scenarios" finished-at="2023-11-02T13:29:46 IST" duration-ms="6106" status="PASS">
          <params>
            <param index="0">
              <value>
                <![CDATA["Login with Blank credentials"]]>
              </value>
            </param>
            <param index="1">
              <value>
                <![CDATA["Login Functionality of HRM Web Application"]]>
              </value>
            </param>
          </params>
          <reporter-output>
          </reporter-output>
        </test-method> <!-- runScenario -->
        <test-method is-config="true" signature="tearDownClass()[pri:0, instance:runner.runner2@663c9e7a]" started-at="2023-11-02T13:29:46 IST" name="tearDownClass" finished-at="2023-11-02T13:29:46 IST" duration-ms="5" status="PASS">
          <reporter-output>
          </reporter-output>
        </test-method> <!-- tearDownClass -->
      </class> <!-- runner.runner2 -->
    </test> <!-- Default test -->
  </suite> <!-- Default suite -->
</testng-results>
