<?xml version="1.0" encoding="UTF-8"?>
<testng-results ignored="0" total="1" passed="1" failed="0" skipped="0">
  <reporter-output>
  </reporter-output>
  <suite started-at="2023-11-02T11:23:03 IST" name="Default suite" finished-at="2023-11-02T11:23:12 IST" duration-ms="9078">
    <groups>
      <group name="cucumber">
        <method signature="AbstractTestNGCucumberTests.runScenario(io.cucumber.testng.PickleWrapper,io.cucumber.testng.FeatureWrapper)[pri:0, instance:runner.runner2@663c9e7a]" name="runScenario" class="io.cucumber.testng.AbstractTestNGCucumberTests"/>
      </group> <!-- cucumber -->
    </groups>
    <test started-at="2023-11-02T11:23:03 IST" name="Default test" finished-at="2023-11-02T11:23:12 IST" duration-ms="9078">
      <class name="runner.runner2">
        <test-method is-config="true" signature="setUpClass(org.testng.ITestContext)[pri:0, instance:runner.runner2@663c9e7a]" started-at="2023-11-02T11:23:03 IST" name="setUpClass" finished-at="2023-11-02T11:23:03 IST" duration-ms="196" status="PASS">
          <params>
            <param index="0">
              <value>
                <![CDATA[org.testng.TestRunner@5c9ac4cc]]>
              </value>
            </param>
          </params>
          <reporter-output>
          </reporter-output>
        </test-method> <!-- setUpClass -->
        <test-method signature="runScenario(io.cucumber.testng.PickleWrapper,io.cucumber.testng.FeatureWrapper)[pri:0, instance:runner.runner2@663c9e7a]" started-at="2023-11-02T11:23:03 IST" name="runScenario" description="Runs Cucumber Scenarios" data-provider="scenarios" finished-at="2023-11-02T11:23:12 IST" duration-ms="8834" status="PASS">
          <params>
            <param index="0">
              <value>
                <![CDATA["Verification of Login using valid credentials"]]>
              </value>
            </param>
            <param index="1">
              <value>
                <![CDATA["Login Functionality of HRM Web Application"]]>
              </value>
            </param>
          </params>
          <reporter-output>
          </reporter-output>
        </test-method> <!-- runScenario -->
        <test-method is-config="true" signature="tearDownClass()[pri:0, instance:runner.runner2@663c9e7a]" started-at="2023-11-02T11:23:12 IST" name="tearDownClass" finished-at="2023-11-02T11:23:12 IST" duration-ms="2" status="PASS">
          <reporter-output>
          </reporter-output>
        </test-method> <!-- tearDownClass -->
      </class> <!-- runner.runner2 -->
    </test> <!-- Default test -->
  </suite> <!-- Default suite -->
</testng-results>
